<?xml version="1.0" encoding="UTF-8"?>
<!-- Generated by org.testng.reporters.JUnitReportReporter -->
<testsuite skipped="0" hostname="LAPTOP-00PREO7N" name="TestNGConcepts.TC001_DisplayMessages" tests="2" failures="0" timestamp="2021-11-04T21:24:26 EDT" time="0.022" errors="0">
  <testcase name="displayMessage" time="0.020" classname="TestNGConcepts.TC001_DisplayMessages"/>
  <system-out/>
  <testcase name="displayName" time="0.002" classname="TestNGConcepts.TC001_DisplayMessages"/>
  <system-out/>
</testsuite> <!-- TestNGConcepts.TC001_DisplayMessages -->
